<?xml version="1.0" encoding="UTF-8"?>
<!-- Generated by org.testng.reporters.JUnitReportReporter -->
<testsuite hostname="DESKTOP-URL7GI0" failures="0" tests="1" name="testCases.TestCase001" time="6.161" errors="0" timestamp="2022-07-24T13:26:41 CEST" skipped="0">
  <testcase classname="testCases.TestCase001" name="broswerRun" time="6.161"/>
  <system-out/>
</testsuite> <!-- testCases.TestCase001 -->
