<?xml version="1.0" encoding="UTF-8"?>
<!-- Generated by org.testng.reporters.JUnitReportReporter -->
<testsuite hostname="DESKTOP-URL7GI0" failures="0" tests="3" name="testCases.TourRadarLogin" time="77.032" errors="0" timestamp="2023-05-10T19:55:32 CEST" skipped="0">
  <testcase classname="testCases.TourRadarLogin" name="invalidLogin" time="16.325"/>
  <system-out>
    <![CDATA[Browser Opened and url lanuched
Click on Login page
Entered username and password
Clicked on submit button]]>
  </system-out>
  <testcase classname="testCases.TourRadarLogin" name="loginSuccess" time="18.252"/>
  <system-out>
    <![CDATA[Browser Opened and url lanuched
Click on Login page
Entered username and password
Clicked on submit button
UserName verfied after login]]>
  </system-out>
  <testcase classname="testCases.TourRadarLogin" name="downloadBrochure" time="42.455"/>
  <system-out>
    <![CDATA[Browser Opened and url lanuched
Click on Login page
Entered username and password
Clicked on submit button
Verify the customer Name after login
Enter search value
pick the date
Click on search button
Download the brochure]]>
  </system-out>
</testsuite> <!-- testCases.TourRadarLogin -->
